f:\fax\drugi sem\asp\dz3\dinamicki\dinamicki\debug\vc141.pdb
f:\fax\drugi sem\asp\dz3\dinamicki\dinamicki\debug\vc141.idb
f:\fax\drugi sem\asp\dz3\dinamicki\dinamicki\debug\sused.obj
f:\fax\drugi sem\asp\dz3\dinamicki\dinamicki\debug\sort_row.obj
f:\fax\drugi sem\asp\dz3\dinamicki\dinamicki\debug\sort_col.obj
f:\fax\drugi sem\asp\dz3\dinamicki\dinamicki\debug\print.obj
f:\fax\drugi sem\asp\dz3\dinamicki\dinamicki\debug\menu.obj
f:\fax\drugi sem\asp\dz3\dinamicki\dinamicki\debug\load_pok.obj
f:\fax\drugi sem\asp\dz3\dinamicki\dinamicki\debug\load.obj
f:\fax\drugi sem\asp\dz3\dinamicki\dinamicki\debug\form_heap.obj
f:\fax\drugi sem\asp\dz3\dinamicki\dinamicki\debug\find_in_edge.obj
f:\fax\drugi sem\asp\dz3\dinamicki\dinamicki\debug\exist_in_heap.obj
f:\fax\drugi sem\asp\dz3\dinamicki\dinamicki\debug\dz3p1.obj
f:\fax\drugi sem\asp\dz3\dinamicki\debug\dinamicki.exe
f:\fax\drugi sem\asp\dz3\dinamicki\debug\dinamicki.ilk
f:\fax\drugi sem\asp\dz3\dinamicki\debug\dinamicki.pdb
f:\fax\drugi sem\asp\dz3\dinamicki\dinamicki\debug\dinamicki.tlog\cl.command.1.tlog
f:\fax\drugi sem\asp\dz3\dinamicki\dinamicki\debug\dinamicki.tlog\cl.read.1.tlog
f:\fax\drugi sem\asp\dz3\dinamicki\dinamicki\debug\dinamicki.tlog\cl.write.1.tlog
f:\fax\drugi sem\asp\dz3\dinamicki\dinamicki\debug\dinamicki.tlog\link.command.1.tlog
f:\fax\drugi sem\asp\dz3\dinamicki\dinamicki\debug\dinamicki.tlog\link.read.1.tlog
f:\fax\drugi sem\asp\dz3\dinamicki\dinamicki\debug\dinamicki.tlog\link.write.1.tlog
